<?xml version="1.0" encoding="UTF-8"?>
<testsuites>
  <testsuite name="Searching suite" timestamp="2023-02-02T17:10:54" time="14.981" tests="1" failures="1" errors="1" skipped="0">
    <properties>
      <property name="specId" value="0"/>
      <property name="suiteName" value="Searching suite"/>
      <property name="capabilities" value="firefox.109_0.windows"/>
      <property name="file" value="file:///D:/devops/wdio2/test/specs/search_spec.js"/>
    </properties>
    <testcase classname="firefox.109_0.windows.Searching_suite" name="Searching" time="14.979">
      <failure/>
      <error message="element (&quot;div[class$='gs-title'] > [href$='products/calculator']&quot;) still not displayed after 5000ms"/>
      <system-out><![CDATA[
COMMAND: POST /session/9e04635e-a260-4fee-b353-0b75e8f960ee/window/maximize - {}
COMMAND: POST /session/9e04635e-a260-4fee-b353-0b75e8f960ee/url - {"url":"https://cloud.google.com/"}
RESULT: {}
RESULT: {"url":"https://cloud.google.com/"}
COMMAND: POST /session/9e04635e-a260-4fee-b353-0b75e8f960ee/element - {"using":"css selector","value":"input[placeholder='Search']"}
RESULT: {"using":"css selector","value":"input[placeholder='Search']"}
COMMAND: GET /session/9e04635e-a260-4fee-b353-0b75e8f960ee/element/447915fa-fec1-4193-9215-3329fd66e56b/displayed - {}
RESULT: {}
COMMAND: POST /session/9e04635e-a260-4fee-b353-0b75e8f960ee/execute/sync - {"script":"return (function isElementClickable(elem) {\n    if (!elem.getBoundingClientRect || !elem.scrollIntoView || !elem.contains || !elem.getClientRects || !document.elementFromPoint) {\n        return false; ... (5151 more bytes)","args":[{"element-6066-11e4-a52e-4f735466cecf":"447915fa-fec1-4193-9215-3329fd66e56b","ELEMENT":"447915fa-fec1-4193-9215-3329fd66e56b"}]}
RESULT: {"script":"return (function isElementClickable(elem) {\n    if (!elem.getBoundingClientRect || !elem.scrollIntoView || !elem.contains || !elem.getClientRects || !document.elementFromPoint) {\n        return false; ... (5151 more bytes)","args":[{"element-6066-11e4-a52e-4f735466cecf":"447915fa-fec1-4193-9215-3329fd66e56b","ELEMENT":"447915fa-fec1-4193-9215-3329fd66e56b"}]}
COMMAND: POST /session/9e04635e-a260-4fee-b353-0b75e8f960ee/element - {"using":"css selector","value":"input[placeholder='Search']"}
RESULT: {"using":"css selector","value":"input[placeholder='Search']"}
COMMAND: POST /session/9e04635e-a260-4fee-b353-0b75e8f960ee/element/447915fa-fec1-4193-9215-3329fd66e56b/click - {}
RESULT: {}
COMMAND: POST /session/9e04635e-a260-4fee-b353-0b75e8f960ee/element - {"using":"css selector","value":"input[placeholder='Search']"}
RESULT: {"using":"css selector","value":"input[placeholder='Search']"}
COMMAND: POST /session/9e04635e-a260-4fee-b353-0b75e8f960ee/element/447915fa-fec1-4193-9215-3329fd66e56b/clear - {}
RESULT: {}
COMMAND: POST /session/9e04635e-a260-4fee-b353-0b75e8f960ee/element/447915fa-fec1-4193-9215-3329fd66e56b/value - {"text":"Google Cloud Platform Pricing Calculator"}
RESULT: {"text":"Google Cloud Platform Pricing Calculator"}
COMMAND: POST /session/9e04635e-a260-4fee-b353-0b75e8f960ee/actions - {"actions":[{"id":"action1","type":"key","parameters":{},"actions":[{"type":"keyDown","value":"E"},{"type":"keyDown","value":"n"},{"type":"keyDown","value":"t"},{"type":"keyDown","value":"e"},{"type":"pause","duration":10},{"type":"keyUp","value":"E"},{"type":"keyUp","value":"n"},{"type":"keyUp","value":"t"},{"type":"keyUp","value":"e"}]}]}
RESULT: {"actions":[{"id":"action1","type":"key","parameters":{},"actions":[{"type":"keyDown","value":"E"},{"type":"keyDown","value":"n"},{"type":"keyDown","value":"t"},{"type":"keyDown","value":"e"},{"type":"pause","duration":10},{"type":"keyUp","value":"E"},{"type":"keyUp","value":"n"},{"type":"keyUp","value":"t"},{"type":"keyUp","value":"e"}]}]}
COMMAND: DELETE /session/9e04635e-a260-4fee-b353-0b75e8f960ee/actions - {}
RESULT: {}
COMMAND: POST /session/9e04635e-a260-4fee-b353-0b75e8f960ee/element - {"using":"css selector","value":"div[class$='gs-title'] > [href$='products/calculator']"}
RESULT: {"using":"css selector","value":"div[class$='gs-title'] > [href$='products/calculator']"}
COMMAND: POST /session/9e04635e-a260-4fee-b353-0b75e8f960ee/element - {"using":"css selector","value":"div[class$='gs-title'] > [href$='products/calculator']"}
RESULT: {"using":"css selector","value":"div[class$='gs-title'] > [href$='products/calculator']"}
COMMAND: POST /session/9e04635e-a260-4fee-b353-0b75e8f960ee/element - {"using":"css selector","value":"div[class$='gs-title'] > [href$='products/calculator']"}
RESULT: {"using":"css selector","value":"div[class$='gs-title'] > [href$='products/calculator']"}
COMMAND: POST /session/9e04635e-a260-4fee-b353-0b75e8f960ee/element - {"using":"css selector","value":"div[class$='gs-title'] > [href$='products/calculator']"}
RESULT: {"using":"css selector","value":"div[class$='gs-title'] > [href$='products/calculator']"}
COMMAND: POST /session/9e04635e-a260-4fee-b353-0b75e8f960ee/element - {"using":"css selector","value":"div[class$='gs-title'] > [href$='products/calculator']"}
RESULT: {"using":"css selector","value":"div[class$='gs-title'] > [href$='products/calculator']"}
COMMAND: POST /session/9e04635e-a260-4fee-b353-0b75e8f960ee/element - {"using":"css selector","value":"div[class$='gs-title'] > [href$='products/calculator']"}
RESULT: {"using":"css selector","value":"div[class$='gs-title'] > [href$='products/calculator']"}
COMMAND: POST /session/9e04635e-a260-4fee-b353-0b75e8f960ee/element - {"using":"css selector","value":"div[class$='gs-title'] > [href$='products/calculator']"}
RESULT: {"using":"css selector","value":"div[class$='gs-title'] > [href$='products/calculator']"}
COMMAND: POST /session/9e04635e-a260-4fee-b353-0b75e8f960ee/element - {"using":"css selector","value":"div[class$='gs-title'] > [href$='products/calculator']"}
RESULT: {"using":"css selector","value":"div[class$='gs-title'] > [href$='products/calculator']"}
COMMAND: POST /session/9e04635e-a260-4fee-b353-0b75e8f960ee/element - {"using":"css selector","value":"div[class$='gs-title'] > [href$='products/calculator']"}
RESULT: {"using":"css selector","value":"div[class$='gs-title'] > [href$='products/calculator']"}
COMMAND: POST /session/9e04635e-a260-4fee-b353-0b75e8f960ee/element - {"using":"css selector","value":"div[class$='gs-title'] > [href$='products/calculator']"}
RESULT: {"using":"css selector","value":"div[class$='gs-title'] > [href$='products/calculator']"}
COMMAND: POST /session/9e04635e-a260-4fee-b353-0b75e8f960ee/element - {"using":"css selector","value":"div[class$='gs-title'] > [href$='products/calculator']"}
RESULT: {"using":"css selector","value":"div[class$='gs-title'] > [href$='products/calculator']"}
COMMAND: GET /session/9e04635e-a260-4fee-b353-0b75e8f960ee/screenshot - {}
RESULT: {}
COMMAND: DELETE /session/9e04635e-a260-4fee-b353-0b75e8f960ee - {}
RESULT: {}
]]></system-out>
      <system-err><![CDATA[
Error: element ("div[class$='gs-title'] > [href$='products/calculator']") still not displayed after 5000ms
    at async Context.<anonymous> (D:\devops\wdio2\test\specs\search_spec.js:10:5)
]]></system-err>
    </testcase>
  </testsuite>
</testsuites>