<?xml version='1.0'?>
<ns2:test-suite xmlns:ns2='urn:model.allure.qatools.yandex.ru' start='1674590324223' stop='1674590353462'>
    <name>HardCore task</name>
    <title>HardCore task</title>
    <test-cases>
        <test-case start='1674590324223' status='passed' stop='1674590336778'>
            <name>Searching</name>
            <title>Searching</title>
            <labels>
                <label name='language' value='javascript'/>
                <label name='framework' value='wdio'/>
                <label name='thread' value='0-0'/>
            </labels>
            <parameters>
                <parameter kind='argument' name='browser' value='chrome-109.0.5414.75'/>
            </parameters>
            <steps/>
            <attachments/>
        </test-case>
        <test-case start='1674590336779' status='broken' stop='1674590342754'>
            <name>Compute engine</name>
            <title>Compute engine</title>
            <labels>
                <label name='language' value='javascript'/>
                <label name='framework' value='wdio'/>
                <label name='thread' value='0-0'/>
            </labels>
            <parameters>
                <parameter kind='argument' name='browser' value='chrome-109.0.5414.75'/>
            </parameters>
            <steps/>
            <attachments/>
            <failure>
                <message>element ("md-option[value$='N1-STANDARD-8']") still not clickable after 3000ms</message>
                <stack-trace>Error: element ("md-option[value$='N1-STANDARD-8']") still not clickable after 3000ms
                    at async Context.&lt;anonymous> (D:\devops\wdio2\test\specs\Hardcoretask.js:27:5)</stack-trace>
            </failure>
        </test-case>
        <test-case start='1674590342754' status='broken' stop='1674590353462'>
            <name>Copying email from new window and check cost</name>
            <title>Copying email from new window and check cost</title>
            <labels>
                <label name='language' value='javascript'/>
                <label name='framework' value='wdio'/>
                <label name='thread' value='0-0'/>
            </labels>
            <parameters>
                <parameter kind='argument' name='browser' value='chrome-109.0.5414.75'/>
            </parameters>
            <steps/>
            <attachments/>
            <failure>
                <message>element ("input[type='email']") still not displayed after 5000ms</message>
                <stack-trace>Error: element ("input[type='email']") still not displayed after 5000ms
                    at async Context.&lt;anonymous> (D:\devops\wdio2\test\specs\Hardcoretask.js:59:5)</stack-trace>
            </failure>
        </test-case>
    </test-cases>
</ns2:test-suite>